<?xml version="1.0" encoding="UTF-8"?>
<!-- Generated by org.testng.reporters.JUnitReportReporter -->
<testsuite hostname="NX00441" failures="0" tests="1" name="Tests.MainPageTests" time="122.746" errors="0" timestamp="2020-03-20T18:12:50 PKT" skipped="0">
  <testcase classname="Tests.MainPageTests" name="verifyMainPage" time="122.746"/>
</testsuite> <!-- Tests.MainPageTests -->
