<?xml version="1.0" encoding="UTF-8"?>
<!-- Generated by org.testng.reporters.JUnitReportReporter -->
<testsuite hostname="NX00441" failures="0" tests="1" name="Tests.MainPageTests" time="8.474" errors="0" timestamp="2020-03-16T16:21:15 PKT" skipped="0">
  <testcase classname="Tests.MainPageTests" name="f" time="8.474"/>
</testsuite> <!-- Tests.MainPageTests -->
